<?xml version="1.0" encoding="UTF-8"?>
<!-- Generated by org.testng.reporters.JUnitReportReporter -->
<testsuite hostname="milind-Latitude-3420" failures="0" tests="1" name="com.MobileSolutions.Servertest1" time="13.533" errors="0" timestamp="2024-01-16T22:44:03 IST" skipped="0">
  <testcase classname="com.MobileSolutions.Servertest1" name="testAppiumServer" time="13.533"/>
  <system-out/>
</testsuite> <!-- com.MobileSolutions.Servertest1 -->
