<?xml version="1.0" encoding="UTF-8"?>
<!-- Generated by org.testng.reporters.JUnitReportReporter -->
<testsuite hostname="milind-Latitude-3420" failures="0" tests="4" name="TestCases.NewBaseTest" time="51.963" errors="0" timestamp="2024-01-17T21:29:34 IST" skipped="0">
  <testcase classname="TestCases.NewBaseTest" name="wifiCoonectionSetting" time="14.190"/>
  <system-out/>
  <testcase classname="TestCases.NewBaseTest" name="longpress" time="12.982"/>
  <system-out/>
  <testcase classname="TestCases.NewBaseTest" name="swipePics" time="10.358"/>
  <system-out/>
  <testcase classname="TestCases.NewBaseTest" name="mislenius" time="14.433"/>
  <system-out/>
</testsuite> <!-- TestCases.NewBaseTest -->
