<?xml version="1.0" encoding="UTF-8"?>
<!-- Generated by org.testng.reporters.JUnitReportReporter -->
<testsuite hostname="milind-Latitude-3420" failures="0" tests="1" name="testCases.ApiDemos" time="16.063" errors="0" timestamp="2024-01-13T16:04:34 IST" skipped="0">
  <testcase classname="testCases.ApiDemos" name="runTest" time="16.063"/>
  <system-out/>
</testsuite> <!-- testCases.ApiDemos -->
