<?xml version="1.0" encoding="UTF-8"?>
<!-- Generated by org.testng.reporters.JUnitReportReporter -->
<testsuite hostname="milind-Latitude-3420" failures="0" tests="1" name="com.MobileSolutions.NoBrokerHood" time="9.801" errors="0" timestamp="2024-01-16T23:10:14 IST" skipped="0">
  <testcase classname="com.MobileSolutions.NoBrokerHood" name="testAppiumServer" time="9.801"/>
  <system-out/>
</testsuite> <!-- com.MobileSolutions.NoBrokerHood -->
