<?xml version="1.0" encoding="UTF-8"?>
<!-- Generated by org.testng.reporters.JUnitReportReporter -->
<testsuite hostname="milind-Latitude-3420" failures="0" tests="1" name="testRunner.TestNG_TestRunner" time="0.133" errors="1" timestamp="2024-01-13T20:28:46 IST" skipped="0">
  <testcase classname="testRunner.TestNG_TestRunner" name="runScenario" time="0.133">
    <error type="java.lang.NullPointerException">
      <![CDATA[java.lang.NullPointerException
at stepDefinitions.AppHooks.setup(AppHooks.java:32)
]]>
    </error>
  </testcase> <!-- runScenario -->
  <system-out/>
</testsuite> <!-- testRunner.TestNG_TestRunner -->
