<?xml version="1.0" encoding="UTF-8"?>
<!-- Generated by org.testng.reporters.JUnitReportReporter -->
<testsuite hostname="milind-Latitude-3420" failures="0" tests="4" name="TestComponent.NewBaseTest" time="72.876" errors="0" timestamp="2024-01-17T12:42:10 IST" skipped="0">
  <testcase classname="TestComponent.NewBaseTest" name="wifiCoonectionSetting" time="14.124"/>
  <system-out/>
  <testcase classname="TestComponent.NewBaseTest" name="longpress" time="19.423"/>
  <system-out/>
  <testcase classname="TestComponent.NewBaseTest" name="swipePics" time="16.150"/>
  <system-out/>
  <testcase classname="TestComponent.NewBaseTest" name="mislenius" time="23.179"/>
  <system-out/>
</testsuite> <!-- TestComponent.NewBaseTest -->
