<?xml version="1.0" encoding="UTF-8"?>
<!-- Generated by org.testng.reporters.JUnitReportReporter -->
<testsuite hostname="milind-Latitude-3420" failures="0" tests="2" name="DriverFactory.AndroidAppDriver" time="7.748" errors="0" timestamp="2024-01-13T19:59:17 IST" skipped="0">
  <testcase classname="DriverFactory.AndroidAppDriver" name="getServer" time="1.387"/>
  <system-out/>
  <testcase classname="DriverFactory.AndroidAppDriver" name="getAndroidInstance" time="6.361"/>
  <system-out/>
</testsuite> <!-- DriverFactory.AndroidAppDriver -->
