<?xml version="1.0" encoding="UTF-8"?>
<!-- Generated by org.testng.reporters.JUnitReportReporter -->
<testsuite hostname="milind-Latitude-3420" failures="0" tests="1" name="testCases.testClass" time="10.068" errors="0" timestamp="2024-01-14T00:09:48 IST" skipped="0">
  <testcase classname="testCases.testClass" name="runTest" time="10.068"/>
  <system-out/>
</testsuite> <!-- testCases.testClass -->
