<?xml version="1.0" encoding="UTF-8"?>
<!-- Generated by org.testng.reporters.JUnitReportReporter -->
<testsuite hostname="milind-Latitude-3420" failures="0" tests="2" name="CommonUtils.AppiumServer" time="4.626" errors="0" timestamp="2024-01-14T16:35:12 IST" skipped="0">
  <testcase classname="CommonUtils.AppiumServer" name="startServer" time="1.349"/>
  <system-out/>
  <testcase classname="CommonUtils.AppiumServer" name="stopServer" time="3.277"/>
  <system-out/>
</testsuite> <!-- CommonUtils.AppiumServer -->
