<?xml version="1.0" encoding="UTF-8"?>
<!-- Generated by org.testng.reporters.JUnitReportReporter -->
<testsuite hostname="milind-Latitude-3420" failures="0" tests="1" name="com.MobileSolutions.Servertest1" time="17.583" errors="0" timestamp="2024-01-13T21:19:32 IST" skipped="0">
  <testcase classname="com.MobileSolutions.Servertest1" name="testAppiumServer" time="17.583"/>
  <system-out/>
</testsuite> <!-- com.MobileSolutions.Servertest1 -->
