<?xml version="1.0" encoding="UTF-8"?>
<!-- Generated by org.testng.reporters.JUnitReportReporter -->
<testsuite hostname="milind-Latitude-3420" failures="0" tests="1" name="com.MobileSolutions.NoBrokerHood" time="29.873" errors="1" timestamp="2024-01-12T22:05:56 IST" skipped="0">
  <testcase classname="com.MobileSolutions.NoBrokerHood" name="testAppiumServer" time="29.873">
    <error message="Could not start a new session. Response code 500. Message: An unknown server-side error occurred while processing the command. Original error: Cannot start the &#039;com.app.nobrokerhood&#039; application. Consider checking the driver&#039;s troubleshooting documentation. Original error: &#039;com.app.nobrokerhood.activities.DoorSplashScreen&#039; or &#039;com.app.nobrokerhood.com.app.nobrokerhood.activities.DoorSplashScreen&#039; never started. Consider checking the driver&#039;s troubleshooting documentation. 
Host info: host: &#039;milind-Latitude-3420&#039;, ip: &#039;127.0.1.1&#039;
Build info: version: &#039;4.16.1&#039;, revision: &#039;9b4c83354e&#039;
System info: os.name: &#039;Linux&#039;, os.arch: &#039;amd64&#039;, os.version: &#039;5.15.0-91-generic&#039;, java.version: &#039;11.0.21&#039;
Driver info: io.appium.java_client.android.AndroidDriver
Command: [null, newSession {capabilities=[{appium:deviceName=Pixel 7 Pro API 31, platformName=ANDROID, appium:automationName=UIAutomator2, appium:app=/home/milind/eclipse-workspace/projects/mobile/MobileSolutions/Apps/NoBrokerHood-prod-debug.apk}], desiredCapabilities=Capabilities {appium:app: /home/milind/eclipse-worksp..., appium:automationName: UIAutomator2, appium:deviceName: Pixel 7 Pro API 31, platformName: ANDROID}}]
Capabilities {appium:app: /home/milind/eclipse-worksp..., appium:automationName: UIAutomator2, appium:deviceName: Pixel 7 Pro API 31, platformName: ANDROID}" type="org.openqa.selenium.SessionNotCreatedException">
      <![CDATA[org.openqa.selenium.SessionNotCreatedException: Could not start a new session. Response code 500. Message: An unknown server-side error occurred while processing the command. Original error: Cannot start the 'com.app.nobrokerhood' application. Consider checking the driver's troubleshooting documentation. Original error: 'com.app.nobrokerhood.activities.DoorSplashScreen' or 'com.app.nobrokerhood.com.app.nobrokerhood.activities.DoorSplashScreen' never started. Consider checking the driver's troubleshooting documentation. 
Host info: host: 'milind-Latitude-3420', ip: '127.0.1.1'
Build info: version: '4.16.1', revision: '9b4c83354e'
System info: os.name: 'Linux', os.arch: 'amd64', os.version: '5.15.0-91-generic', java.version: '11.0.21'
Driver info: io.appium.java_client.android.AndroidDriver
Command: [null, newSession {capabilities=[{appium:deviceName=Pixel 7 Pro API 31, platformName=ANDROID, appium:automationName=UIAutomator2, appium:app=/home/milind/eclipse-workspace/projects/mobile/MobileSolutions/Apps/NoBrokerHood-prod-debug.apk}], desiredCapabilities=Capabilities {appium:app: /home/milind/eclipse-worksp..., appium:automationName: UIAutomator2, appium:deviceName: Pixel 7 Pro API 31, platformName: ANDROID}}]
Capabilities {appium:app: /home/milind/eclipse-worksp..., appium:automationName: UIAutomator2, appium:deviceName: Pixel 7 Pro API 31, platformName: ANDROID}
at org.openqa.selenium.remote.ProtocolHandshake.createSession(ProtocolHandshake.java:140)
at java.base/jdk.internal.reflect.NativeMethodAccessorImpl.invoke0(Native Method)
at java.base/jdk.internal.reflect.NativeMethodAccessorImpl.invoke(NativeMethodAccessorImpl.java:62)
at java.base/jdk.internal.reflect.DelegatingMethodAccessorImpl.invoke(DelegatingMethodAccessorImpl.java:43)
at java.base/java.lang.reflect.Method.invoke(Method.java:566)
at io.appium.java_client.remote.AppiumProtocolHandshake.createSession(AppiumProtocolHandshake.java:133)
at io.appium.java_client.remote.AppiumProtocolHandshake.createSession(AppiumProtocolHandshake.java:102)
at io.appium.java_client.remote.AppiumCommandExecutor.createSession(AppiumCommandExecutor.java:177)
at io.appium.java_client.remote.AppiumCommandExecutor.execute(AppiumCommandExecutor.java:238)
at org.openqa.selenium.remote.RemoteWebDriver.execute(RemoteWebDriver.java:523)
at io.appium.java_client.AppiumDriver.startSession(AppiumDriver.java:268)
at org.openqa.selenium.remote.RemoteWebDriver.<init>(RemoteWebDriver.java:164)
at io.appium.java_client.AppiumDriver.<init>(AppiumDriver.java:90)
at io.appium.java_client.AppiumDriver.<init>(AppiumDriver.java:102)
at io.appium.java_client.android.AndroidDriver.<init>(AndroidDriver.java:109)
at com.MobileSolutions.NoBrokerHood.testAppiumServer(NoBrokerHood.java:39)
at java.base/jdk.internal.reflect.NativeMethodAccessorImpl.invoke0(Native Method)
at java.base/jdk.internal.reflect.NativeMethodAccessorImpl.invoke(NativeMethodAccessorImpl.java:62)
at java.base/jdk.internal.reflect.DelegatingMethodAccessorImpl.invoke(DelegatingMethodAccessorImpl.java:43)
at java.base/java.lang.reflect.Method.invoke(Method.java:566)
at org.testng.internal.invokers.MethodInvocationHelper.invokeMethod(MethodInvocationHelper.java:139)
at org.testng.internal.invokers.TestInvoker.invokeMethod(TestInvoker.java:664)
at org.testng.internal.invokers.TestInvoker.invokeTestMethod(TestInvoker.java:227)
at org.testng.internal.invokers.MethodRunner.runInSequence(MethodRunner.java:50)
at org.testng.internal.invokers.TestInvoker$MethodInvocationAgent.invoke(TestInvoker.java:957)
at org.testng.internal.invokers.TestInvoker.invokeTestMethods(TestInvoker.java:200)
at org.testng.internal.invokers.TestMethodWorker.invokeTestMethods(TestMethodWorker.java:148)
at org.testng.internal.invokers.TestMethodWorker.run(TestMethodWorker.java:128)
at java.base/java.util.ArrayList.forEach(ArrayList.java:1541)
at org.testng.TestRunner.privateRun(TestRunner.java:848)
at org.testng.TestRunner.run(TestRunner.java:621)
at org.testng.SuiteRunner.runTest(SuiteRunner.java:443)
at org.testng.SuiteRunner.runSequentially(SuiteRunner.java:437)
at org.testng.SuiteRunner.privateRun(SuiteRunner.java:397)
at org.testng.SuiteRunner.run(SuiteRunner.java:336)
at org.testng.SuiteRunnerWorker.runSuite(SuiteRunnerWorker.java:52)
at org.testng.SuiteRunnerWorker.run(SuiteRunnerWorker.java:95)
at org.testng.TestNG.runSuitesSequentially(TestNG.java:1280)
at org.testng.TestNG.runSuitesLocally(TestNG.java:1200)
at org.testng.TestNG.runSuites(TestNG.java:1114)
at org.testng.TestNG.run(TestNG.java:1082)
at org.testng.remote.AbstractRemoteTestNG.run(AbstractRemoteTestNG.java:115)
at org.testng.remote.RemoteTestNG.initAndRun(RemoteTestNG.java:251)
at org.testng.remote.RemoteTestNG.main(RemoteTestNG.java:77)
]]>
    </error>
  </testcase> <!-- testAppiumServer -->
</testsuite> <!-- com.MobileSolutions.NoBrokerHood -->
