<?xml version="1.0" encoding="UTF-8"?>
<!-- Generated by org.testng.reporters.JUnitReportReporter -->
<testsuite hostname="milind-Latitude-3420" failures="0" tests="1" name="CommonUtils.CommonAndroid" time="18.056" errors="0" timestamp="2024-01-16T01:44:57 IST" skipped="0">
  <testcase classname="CommonUtils.CommonAndroid" name="testMethod" time="18.056"/>
  <system-out/>
</testsuite> <!-- CommonUtils.CommonAndroid -->
