<?xml version="1.0" encoding="UTF-8"?>
<!-- Generated by org.testng.reporters.JUnitReportReporter -->
<testsuite hostname="milind-Latitude-3420" failures="0" tests="1" name="TestCases.ResidentApplaunch" time="32.098" errors="0" timestamp="2024-01-18T11:44:12 IST" skipped="0">
  <testcase classname="TestCases.ResidentApplaunch" name="launchAPplication" time="32.098"/>
  <system-out/>
</testsuite> <!-- TestCases.ResidentApplaunch -->
