<?xml version="1.0" encoding="UTF-8"?>
<!-- Generated by org.testng.reporters.JUnitReportReporter -->
<testsuite hostname="milind-Latitude-3420" failures="0" tests="4" name="TestComponent.NewBaseTest" time="74.470" errors="0" timestamp="2024-01-17T01:04:34 IST" skipped="0">
  <testcase classname="TestComponent.NewBaseTest" name="wifiCoonectionSetting" time="16.476"/>
  <system-out/>
  <testcase classname="TestComponent.NewBaseTest" name="longpress" time="20.890"/>
  <system-out/>
  <testcase classname="TestComponent.NewBaseTest" name="swipePics" time="17.339"/>
  <system-out/>
  <testcase classname="TestComponent.NewBaseTest" name="mislenius" time="19.765"/>
  <system-out/>
</testsuite> <!-- TestComponent.NewBaseTest -->
