<?xml version="1.0" encoding="UTF-8"?>
<!-- Generated by org.testng.reporters.JUnitReportReporter -->
<testsuite hostname="milind-Latitude-3420" failures="0" tests="4" name="TestCases.AppiumGuestures" time="56.718" errors="0" timestamp="2024-01-17T21:44:08 IST" skipped="0">
  <testcase classname="TestCases.AppiumGuestures" name="wifiCoonectionSetting" time="16.320"/>
  <system-out/>
  <testcase classname="TestCases.AppiumGuestures" name="longpress" time="12.823"/>
  <system-out/>
  <testcase classname="TestCases.AppiumGuestures" name="swipePics" time="11.105"/>
  <system-out/>
  <testcase classname="TestCases.AppiumGuestures" name="mislenius" time="16.470"/>
  <system-out/>
</testsuite> <!-- TestCases.AppiumGuestures -->
