<?xml version="1.0" encoding="UTF-8"?>
<!-- Generated by org.testng.reporters.JUnitReportReporter -->
<testsuite hostname="milind-Latitude-3420" failures="0" tests="1" name="TestComponent.BaseTest" time="8.202" errors="0" timestamp="2024-01-14T20:08:27 IST" skipped="0">
  <testcase classname="TestComponent.BaseTest" name="run" time="8.202"/>
  <system-out/>
</testsuite> <!-- TestComponent.BaseTest -->
