<?xml version="1.0" encoding="UTF-8"?>
<!-- Generated by org.testng.reporters.JUnitReportReporter -->
<testsuite hostname="milind-Latitude-3420" failures="0" tests="1" name="TestComponent.BaseTest" time="7.116" errors="0" timestamp="2024-01-13T22:50:33 IST" skipped="0">
  <testcase classname="TestComponent.BaseTest" name="ConfigureAppium" time="7.116"/>
  <system-out/>
</testsuite> <!-- TestComponent.BaseTest -->
